API request failed for idtrc tqKUhSyr12. HTTP Code: 302
API request failed for idtrc M03KyLEyCB. HTTP Code: 302
API request failed for idtrc Ugiufjo6S1. HTTP Code: 302
API request failed for idtrc ZVLdBwBYDb. HTTP Code: 302
API request failed for idtrc 20qmqkTZ16. HTTP Code: 302
API request failed for idtrc 1D3prCZwQ9. HTTP Code: 302
API request failed for idtrc 3N0xdnTgCq. HTTP Code: 302
API request failed for idtrc CJ4oLyeFef. HTTP Code: 302
API request failed for idtrc rVcxHR1phu. HTTP Code: 302
API request failed for idtrc zXcXVBQeNr. HTTP Code: 302
API request failed for idtrc GH7auOLq3X. HTTP Code: 302
API request failed for idtrc 1PJxpeazq2. HTTP Code: 302
API request failed for idtrc EAq2CDkfuf. HTTP Code: 302
API request failed for idtrc BfgwRkjFdp. HTTP Code: 302
API request failed for idtrc 9COMrGSjZV. HTTP Code: 302
API request failed for idtrc zKnV6afAVh. HTTP Code: 302
API request failed for idtrc AthcqQxBLt. HTTP Code: 302
API request failed for idtrc B1kGSJXd8U. HTTP Code: 302
API request failed for idtrc ShymnV3WSK. HTTP Code: 302
API request failed for idtrc 2YxdJAeo4M. HTTP Code: 302
API request failed for idtrc pADCu7v6Mg. HTTP Code: 302
API request failed for idtrc STdUCqYUui. HTTP Code: 302
API request failed for idtrc piD85jxyNc. HTTP Code: 302
API request failed for idtrc aMAxhnLktN. HTTP Code: 302
API request failed for idtrc bZ28juQYU1. HTTP Code: 302
API request failed for idtrc 2rbUvc14fM. HTTP Code: 302
API request failed for idtrc A9hMWv49Er. HTTP Code: 302
API request failed for idtrc AxcEFQ9u3B. HTTP Code: 302
API request failed for idtrc jteMaSBicS. HTTP Code: 302
API request failed for idtrc jgJ1KWoMiP. HTTP Code: 302
API request failed for idtrc f81Sw1swr2. HTTP Code: 302
API request failed for idtrc JBP3OP6hzH. HTTP Code: 302
API request failed for idtrc Jua724umfn. HTTP Code: 302
API request failed for idtrc 7PayPTjcig. HTTP Code: 302
API request failed for idtrc 3jOaMG9W8Q. HTTP Code: 302
No status update for idtrc k40ZPzzEp8: current status = anonpaynew
No status update for idtrc eb8zykSE79: current status = anonpaynew
No status update for idtrc 8oF0UEm2uT: current status = anonpaynew
No status update for idtrc n3EdGSUHn2: current status = anonpaynew
No status update for idtrc LdyfKjbHJu: current status = anonpaynew
No status update for idtrc rs6qgbH2RM: current status = anonpaynew
No status update for idtrc jLrAq8RiVO: current status = anonpaynew
No status update for idtrc j3rQtGF41A: current status = expired
No status update for idtrc BuF6XTjF7D: current status = expired
No status update for idtrc 8wDBjut0VT: current status = expired
No status update for idtrc xh9yG3S7zg: current status = expired
No status update for idtrc 1S27pxUOh6: current status = expired
No status update for idtrc WMMmQTObPG: current status = expired
No status update for idtrc PwvartkN1G: current status = anonpaynew
No status update for idtrc 4CFecTNn5y: current status = anonpaynew
No status update for idtrc 5pk50JSRmZ: current status = anonpaynew
API request failed for idtrc tqKUhSyr12. HTTP Code: 302
API request failed for idtrc M03KyLEyCB. HTTP Code: 302
API request failed for idtrc Ugiufjo6S1. HTTP Code: 302
API request failed for idtrc ZVLdBwBYDb. HTTP Code: 302
API request failed for idtrc 20qmqkTZ16. HTTP Code: 302
API request failed for idtrc 1D3prCZwQ9. HTTP Code: 302
API request failed for idtrc 3N0xdnTgCq. HTTP Code: 302
API request failed for idtrc CJ4oLyeFef. HTTP Code: 302
API request failed for idtrc rVcxHR1phu. HTTP Code: 302
API request failed for idtrc zXcXVBQeNr. HTTP Code: 302
API request failed for idtrc GH7auOLq3X. HTTP Code: 302
API request failed for idtrc 1PJxpeazq2. HTTP Code: 302
API request failed for idtrc EAq2CDkfuf. HTTP Code: 302
API request failed for idtrc BfgwRkjFdp. HTTP Code: 302
API request failed for idtrc 9COMrGSjZV. HTTP Code: 302
API request failed for idtrc zKnV6afAVh. HTTP Code: 302
API request failed for idtrc AthcqQxBLt. HTTP Code: 302
API request failed for idtrc B1kGSJXd8U. HTTP Code: 302
API request failed for idtrc ShymnV3WSK. HTTP Code: 302
API request failed for idtrc 2YxdJAeo4M. HTTP Code: 302
API request failed for idtrc pADCu7v6Mg. HTTP Code: 302
API request failed for idtrc STdUCqYUui. HTTP Code: 302
API request failed for idtrc piD85jxyNc. HTTP Code: 302
API request failed for idtrc aMAxhnLktN. HTTP Code: 302
API request failed for idtrc bZ28juQYU1. HTTP Code: 302
API request failed for idtrc 2rbUvc14fM. HTTP Code: 302
API request failed for idtrc A9hMWv49Er. HTTP Code: 302
API request failed for idtrc AxcEFQ9u3B. HTTP Code: 302
API request failed for idtrc jteMaSBicS. HTTP Code: 302
API request failed for idtrc jgJ1KWoMiP. HTTP Code: 302
API request failed for idtrc f81Sw1swr2. HTTP Code: 302
API request failed for idtrc JBP3OP6hzH. HTTP Code: 302
API request failed for idtrc Jua724umfn. HTTP Code: 302
API request failed for idtrc 7PayPTjcig. HTTP Code: 302
API request failed for idtrc 3jOaMG9W8Q. HTTP Code: 302
No status update for idtrc k40ZPzzEp8: current status = anonpaynew
No status update for idtrc eb8zykSE79: current status = anonpaynew
No status update for idtrc 8oF0UEm2uT: current status = anonpaynew
No status update for idtrc n3EdGSUHn2: current status = anonpaynew
No status update for idtrc LdyfKjbHJu: current status = anonpaynew
No status update for idtrc rs6qgbH2RM: current status = anonpaynew
No status update for idtrc jLrAq8RiVO: current status = anonpaynew
No status update for idtrc j3rQtGF41A: current status = expired
No status update for idtrc BuF6XTjF7D: current status = expired
No status update for idtrc 8wDBjut0VT: current status = expired
No status update for idtrc xh9yG3S7zg: current status = expired
No status update for idtrc 1S27pxUOh6: current status = expired
No status update for idtrc WMMmQTObPG: current status = expired
No status update for idtrc PwvartkN1G: current status = anonpaynew
No status update for idtrc 4CFecTNn5y: current status = anonpaynew
No status update for idtrc 5pk50JSRmZ: current status = anonpaynew
No status update for idtrc WuapgnrcNR: current status = anonpaynew
API request failed for idtrc tqKUhSyr12. HTTP Code: 302
API request failed for idtrc M03KyLEyCB. HTTP Code: 302
API request failed for idtrc Ugiufjo6S1. HTTP Code: 302
API request failed for idtrc ZVLdBwBYDb. HTTP Code: 302
API request failed for idtrc 20qmqkTZ16. HTTP Code: 302
API request failed for idtrc 1D3prCZwQ9. HTTP Code: 302
API request failed for idtrc 3N0xdnTgCq. HTTP Code: 302
API request failed for idtrc CJ4oLyeFef. HTTP Code: 302
API request failed for idtrc rVcxHR1phu. HTTP Code: 302
API request failed for idtrc zXcXVBQeNr. HTTP Code: 302
API request failed for idtrc GH7auOLq3X. HTTP Code: 302
API request failed for idtrc 1PJxpeazq2. HTTP Code: 302
API request failed for idtrc EAq2CDkfuf. HTTP Code: 302
API request failed for idtrc BfgwRkjFdp. HTTP Code: 302
API request failed for idtrc 9COMrGSjZV. HTTP Code: 302
API request failed for idtrc zKnV6afAVh. HTTP Code: 302
API request failed for idtrc AthcqQxBLt. HTTP Code: 302
API request failed for idtrc B1kGSJXd8U. HTTP Code: 302
API request failed for idtrc ShymnV3WSK. HTTP Code: 302
API request failed for idtrc 2YxdJAeo4M. HTTP Code: 302
API request failed for idtrc pADCu7v6Mg. HTTP Code: 302
API request failed for idtrc STdUCqYUui. HTTP Code: 302
API request failed for idtrc piD85jxyNc. HTTP Code: 302
API request failed for idtrc aMAxhnLktN. HTTP Code: 302
API request failed for idtrc bZ28juQYU1. HTTP Code: 302
API request failed for idtrc 2rbUvc14fM. HTTP Code: 302
API request failed for idtrc A9hMWv49Er. HTTP Code: 302
API request failed for idtrc AxcEFQ9u3B. HTTP Code: 302
API request failed for idtrc jteMaSBicS. HTTP Code: 302
API request failed for idtrc jgJ1KWoMiP. HTTP Code: 302
API request failed for idtrc f81Sw1swr2. HTTP Code: 302
API request failed for idtrc JBP3OP6hzH. HTTP Code: 302
API request failed for idtrc Jua724umfn. HTTP Code: 302
API request failed for idtrc 7PayPTjcig. HTTP Code: 302
API request failed for idtrc 3jOaMG9W8Q. HTTP Code: 302
No status update for idtrc k40ZPzzEp8: current status = anonpaynew
No status update for idtrc eb8zykSE79: current status = anonpaynew
No status update for idtrc 8oF0UEm2uT: current status = anonpaynew
No status update for idtrc n3EdGSUHn2: current status = anonpaynew
No status update for idtrc LdyfKjbHJu: current status = anonpaynew
No status update for idtrc rs6qgbH2RM: current status = anonpaynew
No status update for idtrc jLrAq8RiVO: current status = anonpaynew
No status update for idtrc j3rQtGF41A: current status = expired
No status update for idtrc BuF6XTjF7D: current status = expired
No status update for idtrc 8wDBjut0VT: current status = expired
No status update for idtrc xh9yG3S7zg: current status = expired
No status update for idtrc 1S27pxUOh6: current status = expired
No status update for idtrc WMMmQTObPG: current status = expired
No status update for idtrc PwvartkN1G: current status = anonpaynew
No status update for idtrc 4CFecTNn5y: current status = anonpaynew
No status update for idtrc 5pk50JSRmZ: current status = anonpaynew
No status update for idtrc qu6wzohNUn: current status = anonpaynew
API request failed for idtrc tqKUhSyr12. HTTP Code: 302
API request failed for idtrc M03KyLEyCB. HTTP Code: 302
API request failed for idtrc Ugiufjo6S1. HTTP Code: 302
API request failed for idtrc ZVLdBwBYDb. HTTP Code: 302
API request failed for idtrc 20qmqkTZ16. HTTP Code: 302
API request failed for idtrc 1D3prCZwQ9. HTTP Code: 302
API request failed for idtrc 3N0xdnTgCq. HTTP Code: 302
API request failed for idtrc CJ4oLyeFef. HTTP Code: 302
API request failed for idtrc rVcxHR1phu. HTTP Code: 302
API request failed for idtrc zXcXVBQeNr. HTTP Code: 302
API request failed for idtrc GH7auOLq3X. HTTP Code: 302
API request failed for idtrc 1PJxpeazq2. HTTP Code: 302
API request failed for idtrc EAq2CDkfuf. HTTP Code: 302
API request failed for idtrc BfgwRkjFdp. HTTP Code: 302
API request failed for idtrc 9COMrGSjZV. HTTP Code: 302
API request failed for idtrc zKnV6afAVh. HTTP Code: 302
API request failed for idtrc AthcqQxBLt. HTTP Code: 302
API request failed for idtrc B1kGSJXd8U. HTTP Code: 302
API request failed for idtrc ShymnV3WSK. HTTP Code: 302
API request failed for idtrc 2YxdJAeo4M. HTTP Code: 302
API request failed for idtrc pADCu7v6Mg. HTTP Code: 302
API request failed for idtrc STdUCqYUui. HTTP Code: 302
API request failed for idtrc piD85jxyNc. HTTP Code: 302
API request failed for idtrc aMAxhnLktN. HTTP Code: 302
API request failed for idtrc bZ28juQYU1. HTTP Code: 302
API request failed for idtrc 2rbUvc14fM. HTTP Code: 302
API request failed for idtrc A9hMWv49Er. HTTP Code: 302
API request failed for idtrc AxcEFQ9u3B. HTTP Code: 302
API request failed for idtrc jteMaSBicS. HTTP Code: 302
API request failed for idtrc jgJ1KWoMiP. HTTP Code: 302
API request failed for idtrc f81Sw1swr2. HTTP Code: 302
API request failed for idtrc JBP3OP6hzH. HTTP Code: 302
API request failed for idtrc Jua724umfn. HTTP Code: 302
API request failed for idtrc 7PayPTjcig. HTTP Code: 302
API request failed for idtrc 3jOaMG9W8Q. HTTP Code: 302
No status update for idtrc k40ZPzzEp8: current status = anonpaynew
No status update for idtrc eb8zykSE79: current status = anonpaynew
No status update for idtrc 8oF0UEm2uT: current status = anonpaynew
No status update for idtrc n3EdGSUHn2: current status = anonpaynew
No status update for idtrc LdyfKjbHJu: current status = anonpaynew
No status update for idtrc rs6qgbH2RM: current status = anonpaynew
No status update for idtrc jLrAq8RiVO: current status = anonpaynew
No status update for idtrc j3rQtGF41A: current status = expired
No status update for idtrc BuF6XTjF7D: current status = expired
No status update for idtrc 8wDBjut0VT: current status = expired
No status update for idtrc xh9yG3S7zg: current status = expired
No status update for idtrc 1S27pxUOh6: current status = expired
No status update for idtrc WMMmQTObPG: current status = expired
No status update for idtrc PwvartkN1G: current status = anonpaynew
No status update for idtrc 4CFecTNn5y: current status = anonpaynew
No status update for idtrc 5pk50JSRmZ: current status = anonpaynew
No status update for idtrc qu6wzohNUn: current status = anonpaynew
API request failed for idtrc tqKUhSyr12. HTTP Code: 302
API request failed for idtrc M03KyLEyCB. HTTP Code: 302
API request failed for idtrc Ugiufjo6S1. HTTP Code: 302
API request failed for idtrc ZVLdBwBYDb. HTTP Code: 302
API request failed for idtrc 20qmqkTZ16. HTTP Code: 302
API request failed for idtrc 1D3prCZwQ9. HTTP Code: 302
API request failed for idtrc 3N0xdnTgCq. HTTP Code: 302
API request failed for idtrc CJ4oLyeFef. HTTP Code: 302
API request failed for idtrc rVcxHR1phu. HTTP Code: 302
API request failed for idtrc zXcXVBQeNr. HTTP Code: 302
API request failed for idtrc GH7auOLq3X. HTTP Code: 302
API request failed for idtrc 1PJxpeazq2. HTTP Code: 302
API request failed for idtrc EAq2CDkfuf. HTTP Code: 302
API request failed for idtrc BfgwRkjFdp. HTTP Code: 302
API request failed for idtrc 9COMrGSjZV. HTTP Code: 302
API request failed for idtrc zKnV6afAVh. HTTP Code: 302
API request failed for idtrc AthcqQxBLt. HTTP Code: 302
API request failed for idtrc B1kGSJXd8U. HTTP Code: 302
API request failed for idtrc ShymnV3WSK. HTTP Code: 302
API request failed for idtrc 2YxdJAeo4M. HTTP Code: 302
API request failed for idtrc pADCu7v6Mg. HTTP Code: 302
API request failed for idtrc STdUCqYUui. HTTP Code: 302
API request failed for idtrc piD85jxyNc. HTTP Code: 302
API request failed for idtrc aMAxhnLktN. HTTP Code: 302
API request failed for idtrc bZ28juQYU1. HTTP Code: 302
API request failed for idtrc 2rbUvc14fM. HTTP Code: 302
API request failed for idtrc A9hMWv49Er. HTTP Code: 302
API request failed for idtrc AxcEFQ9u3B. HTTP Code: 302
API request failed for idtrc jteMaSBicS. HTTP Code: 302
API request failed for idtrc jgJ1KWoMiP. HTTP Code: 302
API request failed for idtrc f81Sw1swr2. HTTP Code: 302
API request failed for idtrc JBP3OP6hzH. HTTP Code: 302
API request failed for idtrc Jua724umfn. HTTP Code: 302
API request failed for idtrc 7PayPTjcig. HTTP Code: 302
API request failed for idtrc 3jOaMG9W8Q. HTTP Code: 302
No status update for idtrc k40ZPzzEp8: current status = anonpaynew
No status update for idtrc eb8zykSE79: current status = anonpaynew
No status update for idtrc 8oF0UEm2uT: current status = anonpaynew
No status update for idtrc n3EdGSUHn2: current status = anonpaynew
No status update for idtrc LdyfKjbHJu: current status = anonpaynew
No status update for idtrc rs6qgbH2RM: current status = anonpaynew
No status update for idtrc jLrAq8RiVO: current status = anonpaynew
No status update for idtrc j3rQtGF41A: current status = expired
No status update for idtrc BuF6XTjF7D: current status = expired
No status update for idtrc 8wDBjut0VT: current status = expired
No status update for idtrc xh9yG3S7zg: current status = expired
No status update for idtrc 1S27pxUOh6: current status = expired
No status update for idtrc WMMmQTObPG: current status = expired
No status update for idtrc PwvartkN1G: current status = anonpaynew
No status update for idtrc 4CFecTNn5y: current status = anonpaynew
No status update for idtrc 5pk50JSRmZ: current status = anonpaynew
No status update for idtrc qu6wzohNUn: current status = anonpaynew
API request failed for idtrc tqKUhSyr12. HTTP Code: 302
API request failed for idtrc M03KyLEyCB. HTTP Code: 302
API request failed for idtrc Ugiufjo6S1. HTTP Code: 302
API request failed for idtrc ZVLdBwBYDb. HTTP Code: 302
API request failed for idtrc 20qmqkTZ16. HTTP Code: 302
API request failed for idtrc 1D3prCZwQ9. HTTP Code: 302
API request failed for idtrc 3N0xdnTgCq. HTTP Code: 302
API request failed for idtrc CJ4oLyeFef. HTTP Code: 302
API request failed for idtrc rVcxHR1phu. HTTP Code: 302
API request failed for idtrc zXcXVBQeNr. HTTP Code: 302
API request failed for idtrc GH7auOLq3X. HTTP Code: 302
API request failed for idtrc 1PJxpeazq2. HTTP Code: 302
API request failed for idtrc EAq2CDkfuf. HTTP Code: 302
API request failed for idtrc BfgwRkjFdp. HTTP Code: 302
API request failed for idtrc 9COMrGSjZV. HTTP Code: 302
API request failed for idtrc zKnV6afAVh. HTTP Code: 302
API request failed for idtrc AthcqQxBLt. HTTP Code: 302
API request failed for idtrc B1kGSJXd8U. HTTP Code: 302
API request failed for idtrc ShymnV3WSK. HTTP Code: 302
API request failed for idtrc 2YxdJAeo4M. HTTP Code: 302
API request failed for idtrc pADCu7v6Mg. HTTP Code: 302
API request failed for idtrc STdUCqYUui. HTTP Code: 302
API request failed for idtrc piD85jxyNc. HTTP Code: 302
API request failed for idtrc aMAxhnLktN. HTTP Code: 302
API request failed for idtrc bZ28juQYU1. HTTP Code: 302
API request failed for idtrc 2rbUvc14fM. HTTP Code: 302
API request failed for idtrc A9hMWv49Er. HTTP Code: 302
API request failed for idtrc AxcEFQ9u3B. HTTP Code: 302
API request failed for idtrc jteMaSBicS. HTTP Code: 302
API request failed for idtrc jgJ1KWoMiP. HTTP Code: 302
API request failed for idtrc f81Sw1swr2. HTTP Code: 302
API request failed for idtrc JBP3OP6hzH. HTTP Code: 302
API request failed for idtrc Jua724umfn. HTTP Code: 302
API request failed for idtrc 7PayPTjcig. HTTP Code: 302
API request failed for idtrc 3jOaMG9W8Q. HTTP Code: 302
No status update for idtrc k40ZPzzEp8: current status = anonpaynew
No status update for idtrc eb8zykSE79: current status = anonpaynew
No status update for idtrc 8oF0UEm2uT: current status = anonpaynew
No status update for idtrc n3EdGSUHn2: current status = anonpaynew
No status update for idtrc LdyfKjbHJu: current status = anonpaynew
No status update for idtrc rs6qgbH2RM: current status = anonpaynew
No status update for idtrc jLrAq8RiVO: current status = anonpaynew
No status update for idtrc j3rQtGF41A: current status = expired
No status update for idtrc BuF6XTjF7D: current status = expired
No status update for idtrc 8wDBjut0VT: current status = expired
No status update for idtrc xh9yG3S7zg: current status = expired
No status update for idtrc 1S27pxUOh6: current status = expired
No status update for idtrc WMMmQTObPG: current status = expired
No status update for idtrc PwvartkN1G: current status = anonpaynew
No status update for idtrc 4CFecTNn5y: current status = anonpaynew
No status update for idtrc 5pk50JSRmZ: current status = anonpaynew
No status update for idtrc qu6wzohNUn: current status = anonpaynew
API request failed for idtrc tqKUhSyr12. HTTP Code: 302
API request failed for idtrc M03KyLEyCB. HTTP Code: 302
API request failed for idtrc Ugiufjo6S1. HTTP Code: 302
API request failed for idtrc ZVLdBwBYDb. HTTP Code: 302
API request failed for idtrc 20qmqkTZ16. HTTP Code: 302
API request failed for idtrc 1D3prCZwQ9. HTTP Code: 302
API request failed for idtrc 3N0xdnTgCq. HTTP Code: 302
API request failed for idtrc CJ4oLyeFef. HTTP Code: 302
API request failed for idtrc rVcxHR1phu. HTTP Code: 302
API request failed for idtrc zXcXVBQeNr. HTTP Code: 302
API request failed for idtrc GH7auOLq3X. HTTP Code: 302
API request failed for idtrc 1PJxpeazq2. HTTP Code: 302
API request failed for idtrc EAq2CDkfuf. HTTP Code: 302
API request failed for idtrc BfgwRkjFdp. HTTP Code: 302
API request failed for idtrc 9COMrGSjZV. HTTP Code: 302
API request failed for idtrc zKnV6afAVh. HTTP Code: 302
API request failed for idtrc AthcqQxBLt. HTTP Code: 302
API request failed for idtrc B1kGSJXd8U. HTTP Code: 302
API request failed for idtrc ShymnV3WSK. HTTP Code: 302
API request failed for idtrc 2YxdJAeo4M. HTTP Code: 302
API request failed for idtrc pADCu7v6Mg. HTTP Code: 302
API request failed for idtrc STdUCqYUui. HTTP Code: 302
API request failed for idtrc piD85jxyNc. HTTP Code: 302
API request failed for idtrc aMAxhnLktN. HTTP Code: 302
API request failed for idtrc bZ28juQYU1. HTTP Code: 302
API request failed for idtrc 2rbUvc14fM. HTTP Code: 302
API request failed for idtrc A9hMWv49Er. HTTP Code: 302
API request failed for idtrc AxcEFQ9u3B. HTTP Code: 302
API request failed for idtrc jteMaSBicS. HTTP Code: 302
API request failed for idtrc jgJ1KWoMiP. HTTP Code: 302
API request failed for idtrc f81Sw1swr2. HTTP Code: 302
API request failed for idtrc JBP3OP6hzH. HTTP Code: 302
API request failed for idtrc Jua724umfn. HTTP Code: 302
API request failed for idtrc 7PayPTjcig. HTTP Code: 302
API request failed for idtrc 3jOaMG9W8Q. HTTP Code: 302
No status update for idtrc k40ZPzzEp8: current status = anonpaynew
No status update for idtrc eb8zykSE79: current status = anonpaynew
No status update for idtrc 8oF0UEm2uT: current status = anonpaynew
No status update for idtrc n3EdGSUHn2: current status = anonpaynew
No status update for idtrc LdyfKjbHJu: current status = anonpaynew
No status update for idtrc rs6qgbH2RM: current status = anonpaynew
No status update for idtrc jLrAq8RiVO: current status = anonpaynew
No status update for idtrc j3rQtGF41A: current status = expired
No status update for idtrc BuF6XTjF7D: current status = expired
No status update for idtrc 8wDBjut0VT: current status = expired
No status update for idtrc xh9yG3S7zg: current status = expired
No status update for idtrc 1S27pxUOh6: current status = expired
No status update for idtrc WMMmQTObPG: current status = expired
No status update for idtrc PwvartkN1G: current status = anonpaynew
No status update for idtrc 4CFecTNn5y: current status = anonpaynew
No status update for idtrc 5pk50JSRmZ: current status = anonpaynew
No status update for idtrc qu6wzohNUn: current status = anonpaynew
API request failed for idtrc tqKUhSyr12. HTTP Code: 302
API request failed for idtrc M03KyLEyCB. HTTP Code: 302
API request failed for idtrc Ugiufjo6S1. HTTP Code: 302
API request failed for idtrc ZVLdBwBYDb. HTTP Code: 302
API request failed for idtrc 20qmqkTZ16. HTTP Code: 302
API request failed for idtrc 1D3prCZwQ9. HTTP Code: 302
API request failed for idtrc 3N0xdnTgCq. HTTP Code: 302
API request failed for idtrc CJ4oLyeFef. HTTP Code: 302
API request failed for idtrc rVcxHR1phu. HTTP Code: 302
API request failed for idtrc zXcXVBQeNr. HTTP Code: 302
API request failed for idtrc GH7auOLq3X. HTTP Code: 302
API request failed for idtrc 1PJxpeazq2. HTTP Code: 302
API request failed for idtrc EAq2CDkfuf. HTTP Code: 302
API request failed for idtrc BfgwRkjFdp. HTTP Code: 302
API request failed for idtrc 9COMrGSjZV. HTTP Code: 302
API request failed for idtrc zKnV6afAVh. HTTP Code: 302
API request failed for idtrc AthcqQxBLt. HTTP Code: 302
API request failed for idtrc B1kGSJXd8U. HTTP Code: 302
API request failed for idtrc ShymnV3WSK. HTTP Code: 302
API request failed for idtrc 2YxdJAeo4M. HTTP Code: 302
API request failed for idtrc pADCu7v6Mg. HTTP Code: 302
API request failed for idtrc STdUCqYUui. HTTP Code: 302
API request failed for idtrc piD85jxyNc. HTTP Code: 302
API request failed for idtrc aMAxhnLktN. HTTP Code: 302
API request failed for idtrc bZ28juQYU1. HTTP Code: 302
API request failed for idtrc 2rbUvc14fM. HTTP Code: 302
API request failed for idtrc A9hMWv49Er. HTTP Code: 302
API request failed for idtrc AxcEFQ9u3B. HTTP Code: 302
API request failed for idtrc jteMaSBicS. HTTP Code: 302
API request failed for idtrc jgJ1KWoMiP. HTTP Code: 302
API request failed for idtrc f81Sw1swr2. HTTP Code: 302
API request failed for idtrc JBP3OP6hzH. HTTP Code: 302
API request failed for idtrc Jua724umfn. HTTP Code: 302
API request failed for idtrc 7PayPTjcig. HTTP Code: 302
API request failed for idtrc 3jOaMG9W8Q. HTTP Code: 302
No status update for idtrc k40ZPzzEp8: current status = anonpaynew
No status update for idtrc eb8zykSE79: current status = anonpaynew
No status update for idtrc 8oF0UEm2uT: current status = anonpaynew
No status update for idtrc n3EdGSUHn2: current status = anonpaynew
No status update for idtrc LdyfKjbHJu: current status = anonpaynew
No status update for idtrc rs6qgbH2RM: current status = anonpaynew
No status update for idtrc jLrAq8RiVO: current status = anonpaynew
No status update for idtrc j3rQtGF41A: current status = expired
No status update for idtrc BuF6XTjF7D: current status = expired
No status update for idtrc 8wDBjut0VT: current status = expired
No status update for idtrc xh9yG3S7zg: current status = expired
No status update for idtrc 1S27pxUOh6: current status = expired
No status update for idtrc WMMmQTObPG: current status = expired
No status update for idtrc PwvartkN1G: current status = anonpaynew
No status update for idtrc 4CFecTNn5y: current status = anonpaynew
No status update for idtrc 5pk50JSRmZ: current status = anonpaynew
No status update for idtrc qu6wzohNUn: current status = anonpaynew
API request failed for idtrc tqKUhSyr12. HTTP Code: 302
API request failed for idtrc M03KyLEyCB. HTTP Code: 302
API request failed for idtrc Ugiufjo6S1. HTTP Code: 302
API request failed for idtrc ZVLdBwBYDb. HTTP Code: 302
API request failed for idtrc 20qmqkTZ16. HTTP Code: 302
API request failed for idtrc 1D3prCZwQ9. HTTP Code: 302
API request failed for idtrc 3N0xdnTgCq. HTTP Code: 302
API request failed for idtrc CJ4oLyeFef. HTTP Code: 302
API request failed for idtrc rVcxHR1phu. HTTP Code: 302
API request failed for idtrc zXcXVBQeNr. HTTP Code: 302
API request failed for idtrc GH7auOLq3X. HTTP Code: 302
API request failed for idtrc 1PJxpeazq2. HTTP Code: 302
API request failed for idtrc EAq2CDkfuf. HTTP Code: 302
API request failed for idtrc BfgwRkjFdp. HTTP Code: 302
API request failed for idtrc 9COMrGSjZV. HTTP Code: 302
API request failed for idtrc zKnV6afAVh. HTTP Code: 302
API request failed for idtrc AthcqQxBLt. HTTP Code: 302
API request failed for idtrc B1kGSJXd8U. HTTP Code: 302
API request failed for idtrc ShymnV3WSK. HTTP Code: 302
API request failed for idtrc 2YxdJAeo4M. HTTP Code: 302
API request failed for idtrc pADCu7v6Mg. HTTP Code: 302
API request failed for idtrc STdUCqYUui. HTTP Code: 302
API request failed for idtrc piD85jxyNc. HTTP Code: 302
API request failed for idtrc aMAxhnLktN. HTTP Code: 302
API request failed for idtrc bZ28juQYU1. HTTP Code: 302
API request failed for idtrc 2rbUvc14fM. HTTP Code: 302
API request failed for idtrc A9hMWv49Er. HTTP Code: 302
API request failed for idtrc AxcEFQ9u3B. HTTP Code: 302
API request failed for idtrc jteMaSBicS. HTTP Code: 302
API request failed for idtrc jgJ1KWoMiP. HTTP Code: 302
API request failed for idtrc f81Sw1swr2. HTTP Code: 302
API request failed for idtrc JBP3OP6hzH. HTTP Code: 302
API request failed for idtrc Jua724umfn. HTTP Code: 302
API request failed for idtrc 7PayPTjcig. HTTP Code: 302
API request failed for idtrc 3jOaMG9W8Q. HTTP Code: 302
No status update for idtrc k40ZPzzEp8: current status = anonpaynew
No status update for idtrc eb8zykSE79: current status = anonpaynew
No status update for idtrc 8oF0UEm2uT: current status = anonpaynew
No status update for idtrc n3EdGSUHn2: current status = anonpaynew
No status update for idtrc LdyfKjbHJu: current status = anonpaynew
No status update for idtrc rs6qgbH2RM: current status = anonpaynew
No status update for idtrc jLrAq8RiVO: current status = anonpaynew
No status update for idtrc j3rQtGF41A: current status = expired
No status update for idtrc BuF6XTjF7D: current status = expired
No status update for idtrc 8wDBjut0VT: current status = expired
No status update for idtrc xh9yG3S7zg: current status = expired
No status update for idtrc 1S27pxUOh6: current status = expired
No status update for idtrc WMMmQTObPG: current status = expired
No status update for idtrc PwvartkN1G: current status = anonpaynew
No status update for idtrc 4CFecTNn5y: current status = anonpaynew
No status update for idtrc 5pk50JSRmZ: current status = anonpaynew
No status update for idtrc qu6wzohNUn: current status = anonpaynew
API request failed for idtrc tqKUhSyr12. HTTP Code: 302
API request failed for idtrc M03KyLEyCB. HTTP Code: 302
API request failed for idtrc Ugiufjo6S1. HTTP Code: 302
API request failed for idtrc ZVLdBwBYDb. HTTP Code: 302
API request failed for idtrc 20qmqkTZ16. HTTP Code: 302
API request failed for idtrc 1D3prCZwQ9. HTTP Code: 302
API request failed for idtrc 3N0xdnTgCq. HTTP Code: 302
API request failed for idtrc CJ4oLyeFef. HTTP Code: 302
API request failed for idtrc rVcxHR1phu. HTTP Code: 302
API request failed for idtrc zXcXVBQeNr. HTTP Code: 302
API request failed for idtrc GH7auOLq3X. HTTP Code: 302
API request failed for idtrc 1PJxpeazq2. HTTP Code: 302
API request failed for idtrc EAq2CDkfuf. HTTP Code: 302
API request failed for idtrc BfgwRkjFdp. HTTP Code: 302
API request failed for idtrc 9COMrGSjZV. HTTP Code: 302
API request failed for idtrc zKnV6afAVh. HTTP Code: 302
API request failed for idtrc AthcqQxBLt. HTTP Code: 302
API request failed for idtrc B1kGSJXd8U. HTTP Code: 302
API request failed for idtrc ShymnV3WSK. HTTP Code: 302
API request failed for idtrc 2YxdJAeo4M. HTTP Code: 302
API request failed for idtrc pADCu7v6Mg. HTTP Code: 302
API request failed for idtrc STdUCqYUui. HTTP Code: 302
API request failed for idtrc piD85jxyNc. HTTP Code: 302
API request failed for idtrc aMAxhnLktN. HTTP Code: 302
API request failed for idtrc bZ28juQYU1. HTTP Code: 302
API request failed for idtrc 2rbUvc14fM. HTTP Code: 302
API request failed for idtrc A9hMWv49Er. HTTP Code: 302
API request failed for idtrc AxcEFQ9u3B. HTTP Code: 302
API request failed for idtrc jteMaSBicS. HTTP Code: 302
API request failed for idtrc jgJ1KWoMiP. HTTP Code: 302
API request failed for idtrc f81Sw1swr2. HTTP Code: 302
API request failed for idtrc JBP3OP6hzH. HTTP Code: 302
API request failed for idtrc Jua724umfn. HTTP Code: 302
API request failed for idtrc 7PayPTjcig. HTTP Code: 302
API request failed for idtrc 3jOaMG9W8Q. HTTP Code: 302
No status update for idtrc k40ZPzzEp8: current status = anonpaynew
No status update for idtrc eb8zykSE79: current status = anonpaynew
No status update for idtrc 8oF0UEm2uT: current status = anonpaynew
No status update for idtrc n3EdGSUHn2: current status = anonpaynew
No status update for idtrc LdyfKjbHJu: current status = anonpaynew
No status update for idtrc rs6qgbH2RM: current status = anonpaynew
No status update for idtrc jLrAq8RiVO: current status = anonpaynew
No status update for idtrc j3rQtGF41A: current status = expired
No status update for idtrc BuF6XTjF7D: current status = expired
No status update for idtrc 8wDBjut0VT: current status = expired
No status update for idtrc xh9yG3S7zg: current status = expired
No status update for idtrc 1S27pxUOh6: current status = expired
No status update for idtrc WMMmQTObPG: current status = expired
No status update for idtrc PwvartkN1G: current status = anonpaynew
No status update for idtrc 4CFecTNn5y: current status = anonpaynew
No status update for idtrc 5pk50JSRmZ: current status = anonpaynew
No status update for idtrc qu6wzohNUn: current status = anonpaynew
API request failed for idtrc tqKUhSyr12. HTTP Code: 302
API request failed for idtrc M03KyLEyCB. HTTP Code: 302
API request failed for idtrc Ugiufjo6S1. HTTP Code: 302
API request failed for idtrc ZVLdBwBYDb. HTTP Code: 302
API request failed for idtrc 20qmqkTZ16. HTTP Code: 302
API request failed for idtrc 1D3prCZwQ9. HTTP Code: 302
API request failed for idtrc 3N0xdnTgCq. HTTP Code: 302
API request failed for idtrc CJ4oLyeFef. HTTP Code: 302
API request failed for idtrc rVcxHR1phu. HTTP Code: 302
API request failed for idtrc zXcXVBQeNr. HTTP Code: 302
API request failed for idtrc GH7auOLq3X. HTTP Code: 302
API request failed for idtrc 1PJxpeazq2. HTTP Code: 302
API request failed for idtrc EAq2CDkfuf. HTTP Code: 302
API request failed for idtrc BfgwRkjFdp. HTTP Code: 302
API request failed for idtrc 9COMrGSjZV. HTTP Code: 302
API request failed for idtrc zKnV6afAVh. HTTP Code: 302
API request failed for idtrc AthcqQxBLt. HTTP Code: 302
API request failed for idtrc B1kGSJXd8U. HTTP Code: 302
API request failed for idtrc ShymnV3WSK. HTTP Code: 302
API request failed for idtrc 2YxdJAeo4M. HTTP Code: 302
API request failed for idtrc pADCu7v6Mg. HTTP Code: 302
API request failed for idtrc STdUCqYUui. HTTP Code: 302
API request failed for idtrc piD85jxyNc. HTTP Code: 302
API request failed for idtrc aMAxhnLktN. HTTP Code: 302
API request failed for idtrc bZ28juQYU1. HTTP Code: 302
API request failed for idtrc 2rbUvc14fM. HTTP Code: 302
API request failed for idtrc A9hMWv49Er. HTTP Code: 302
API request failed for idtrc AxcEFQ9u3B. HTTP Code: 302
API request failed for idtrc jteMaSBicS. HTTP Code: 302
API request failed for idtrc jgJ1KWoMiP. HTTP Code: 302
API request failed for idtrc f81Sw1swr2. HTTP Code: 302
API request failed for idtrc JBP3OP6hzH. HTTP Code: 302
API request failed for idtrc Jua724umfn. HTTP Code: 302
API request failed for idtrc 7PayPTjcig. HTTP Code: 302
API request failed for idtrc 3jOaMG9W8Q. HTTP Code: 302
No status update for idtrc k40ZPzzEp8: current status = anonpaynew
No status update for idtrc eb8zykSE79: current status = anonpaynew
No status update for idtrc 8oF0UEm2uT: current status = anonpaynew
No status update for idtrc n3EdGSUHn2: current status = anonpaynew
No status update for idtrc LdyfKjbHJu: current status = anonpaynew
No status update for idtrc rs6qgbH2RM: current status = anonpaynew
No status update for idtrc jLrAq8RiVO: current status = anonpaynew
No status update for idtrc j3rQtGF41A: current status = expired
No status update for idtrc BuF6XTjF7D: current status = expired
No status update for idtrc 8wDBjut0VT: current status = expired
No status update for idtrc xh9yG3S7zg: current status = expired
No status update for idtrc 1S27pxUOh6: current status = expired
No status update for idtrc WMMmQTObPG: current status = expired
No status update for idtrc PwvartkN1G: current status = anonpaynew
No status update for idtrc 4CFecTNn5y: current status = anonpaynew
No status update for idtrc 5pk50JSRmZ: current status = anonpaynew
No status update for idtrc qu6wzohNUn: current status = anonpaynew
API request failed for idtrc tqKUhSyr12. HTTP Code: 302
API request failed for idtrc M03KyLEyCB. HTTP Code: 302
API request failed for idtrc Ugiufjo6S1. HTTP Code: 302
API request failed for idtrc ZVLdBwBYDb. HTTP Code: 302
API request failed for idtrc 20qmqkTZ16. HTTP Code: 302
API request failed for idtrc 1D3prCZwQ9. HTTP Code: 302
API request failed for idtrc 3N0xdnTgCq. HTTP Code: 302
API request failed for idtrc CJ4oLyeFef. HTTP Code: 302
API request failed for idtrc rVcxHR1phu. HTTP Code: 302
API request failed for idtrc zXcXVBQeNr. HTTP Code: 302
API request failed for idtrc GH7auOLq3X. HTTP Code: 302
API request failed for idtrc 1PJxpeazq2. HTTP Code: 302
API request failed for idtrc EAq2CDkfuf. HTTP Code: 302
API request failed for idtrc BfgwRkjFdp. HTTP Code: 302
API request failed for idtrc 9COMrGSjZV. HTTP Code: 302
API request failed for idtrc zKnV6afAVh. HTTP Code: 302
API request failed for idtrc AthcqQxBLt. HTTP Code: 302
API request failed for idtrc B1kGSJXd8U. HTTP Code: 302
API request failed for idtrc ShymnV3WSK. HTTP Code: 302
API request failed for idtrc 2YxdJAeo4M. HTTP Code: 302
API request failed for idtrc pADCu7v6Mg. HTTP Code: 302
API request failed for idtrc STdUCqYUui. HTTP Code: 302
API request failed for idtrc piD85jxyNc. HTTP Code: 302
API request failed for idtrc aMAxhnLktN. HTTP Code: 302
API request failed for idtrc bZ28juQYU1. HTTP Code: 302
API request failed for idtrc 2rbUvc14fM. HTTP Code: 302
API request failed for idtrc A9hMWv49Er. HTTP Code: 302
API request failed for idtrc AxcEFQ9u3B. HTTP Code: 302
API request failed for idtrc jteMaSBicS. HTTP Code: 302
API request failed for idtrc jgJ1KWoMiP. HTTP Code: 302
API request failed for idtrc f81Sw1swr2. HTTP Code: 302
API request failed for idtrc JBP3OP6hzH. HTTP Code: 302
API request failed for idtrc Jua724umfn. HTTP Code: 302
API request failed for idtrc 7PayPTjcig. HTTP Code: 302
API request failed for idtrc 3jOaMG9W8Q. HTTP Code: 302
No status update for idtrc k40ZPzzEp8: current status = anonpaynew
No status update for idtrc eb8zykSE79: current status = anonpaynew
No status update for idtrc 8oF0UEm2uT: current status = anonpaynew
No status update for idtrc n3EdGSUHn2: current status = anonpaynew
No status update for idtrc LdyfKjbHJu: current status = anonpaynew
No status update for idtrc rs6qgbH2RM: current status = anonpaynew
No status update for idtrc jLrAq8RiVO: current status = anonpaynew
No status update for idtrc j3rQtGF41A: current status = expired
No status update for idtrc BuF6XTjF7D: current status = expired
No status update for idtrc 8wDBjut0VT: current status = expired
No status update for idtrc xh9yG3S7zg: current status = expired
No status update for idtrc 1S27pxUOh6: current status = expired
No status update for idtrc WMMmQTObPG: current status = expired
No status update for idtrc PwvartkN1G: current status = anonpaynew
No status update for idtrc 4CFecTNn5y: current status = anonpaynew
No status update for idtrc 5pk50JSRmZ: current status = anonpaynew
No status update for idtrc qu6wzohNUn: current status = anonpaynew
API request failed for idtrc tqKUhSyr12. HTTP Code: 302
API request failed for idtrc M03KyLEyCB. HTTP Code: 302
API request failed for idtrc Ugiufjo6S1. HTTP Code: 302
API request failed for idtrc ZVLdBwBYDb. HTTP Code: 302
API request failed for idtrc 20qmqkTZ16. HTTP Code: 302
API request failed for idtrc 1D3prCZwQ9. HTTP Code: 302
API request failed for idtrc 3N0xdnTgCq. HTTP Code: 302
API request failed for idtrc CJ4oLyeFef. HTTP Code: 302
API request failed for idtrc rVcxHR1phu. HTTP Code: 302
API request failed for idtrc zXcXVBQeNr. HTTP Code: 302
API request failed for idtrc GH7auOLq3X. HTTP Code: 302
API request failed for idtrc 1PJxpeazq2. HTTP Code: 302
API request failed for idtrc EAq2CDkfuf. HTTP Code: 302
API request failed for idtrc BfgwRkjFdp. HTTP Code: 302
API request failed for idtrc 9COMrGSjZV. HTTP Code: 302
API request failed for idtrc zKnV6afAVh. HTTP Code: 302
API request failed for idtrc AthcqQxBLt. HTTP Code: 302
API request failed for idtrc B1kGSJXd8U. HTTP Code: 302
API request failed for idtrc ShymnV3WSK. HTTP Code: 302
API request failed for idtrc 2YxdJAeo4M. HTTP Code: 302
API request failed for idtrc pADCu7v6Mg. HTTP Code: 302
API request failed for idtrc STdUCqYUui. HTTP Code: 302
API request failed for idtrc piD85jxyNc. HTTP Code: 302
API request failed for idtrc aMAxhnLktN. HTTP Code: 302
API request failed for idtrc bZ28juQYU1. HTTP Code: 302
API request failed for idtrc 2rbUvc14fM. HTTP Code: 302
API request failed for idtrc A9hMWv49Er. HTTP Code: 302
API request failed for idtrc AxcEFQ9u3B. HTTP Code: 302
API request failed for idtrc jteMaSBicS. HTTP Code: 302
API request failed for idtrc jgJ1KWoMiP. HTTP Code: 302
API request failed for idtrc f81Sw1swr2. HTTP Code: 302
API request failed for idtrc JBP3OP6hzH. HTTP Code: 302
API request failed for idtrc Jua724umfn. HTTP Code: 302
API request failed for idtrc 7PayPTjcig. HTTP Code: 302
API request failed for idtrc 3jOaMG9W8Q. HTTP Code: 302
No status update for idtrc k40ZPzzEp8: current status = anonpaynew
No status update for idtrc eb8zykSE79: current status = anonpaynew
No status update for idtrc 8oF0UEm2uT: current status = anonpaynew
No status update for idtrc n3EdGSUHn2: current status = anonpaynew
No status update for idtrc LdyfKjbHJu: current status = anonpaynew
No status update for idtrc rs6qgbH2RM: current status = anonpaynew
No status update for idtrc jLrAq8RiVO: current status = anonpaynew
No status update for idtrc j3rQtGF41A: current status = expired
No status update for idtrc BuF6XTjF7D: current status = expired
No status update for idtrc 8wDBjut0VT: current status = expired
No status update for idtrc xh9yG3S7zg: current status = expired
No status update for idtrc 1S27pxUOh6: current status = expired
No status update for idtrc WMMmQTObPG: current status = expired
No status update for idtrc PwvartkN1G: current status = anonpaynew
No status update for idtrc 4CFecTNn5y: current status = anonpaynew
No status update for idtrc 5pk50JSRmZ: current status = anonpaynew
No status update for idtrc qu6wzohNUn: current status = anonpaynew
API request failed for idtrc tqKUhSyr12. HTTP Code: 302
API request failed for idtrc M03KyLEyCB. HTTP Code: 302
API request failed for idtrc Ugiufjo6S1. HTTP Code: 302
API request failed for idtrc ZVLdBwBYDb. HTTP Code: 302
API request failed for idtrc 20qmqkTZ16. HTTP Code: 302
API request failed for idtrc 1D3prCZwQ9. HTTP Code: 302
API request failed for idtrc 3N0xdnTgCq. HTTP Code: 302
API request failed for idtrc CJ4oLyeFef. HTTP Code: 302
API request failed for idtrc rVcxHR1phu. HTTP Code: 302
API request failed for idtrc zXcXVBQeNr. HTTP Code: 302
API request failed for idtrc GH7auOLq3X. HTTP Code: 302
API request failed for idtrc 1PJxpeazq2. HTTP Code: 302
API request failed for idtrc EAq2CDkfuf. HTTP Code: 302
API request failed for idtrc BfgwRkjFdp. HTTP Code: 302
API request failed for idtrc 9COMrGSjZV. HTTP Code: 302
API request failed for idtrc zKnV6afAVh. HTTP Code: 302
API request failed for idtrc AthcqQxBLt. HTTP Code: 302
API request failed for idtrc B1kGSJXd8U. HTTP Code: 302
API request failed for idtrc ShymnV3WSK. HTTP Code: 302
API request failed for idtrc 2YxdJAeo4M. HTTP Code: 302
API request failed for idtrc pADCu7v6Mg. HTTP Code: 302
API request failed for idtrc STdUCqYUui. HTTP Code: 302
API request failed for idtrc piD85jxyNc. HTTP Code: 302
API request failed for idtrc aMAxhnLktN. HTTP Code: 302
API request failed for idtrc bZ28juQYU1. HTTP Code: 302
API request failed for idtrc 2rbUvc14fM. HTTP Code: 302
API request failed for idtrc A9hMWv49Er. HTTP Code: 302
API request failed for idtrc AxcEFQ9u3B. HTTP Code: 302
API request failed for idtrc jteMaSBicS. HTTP Code: 302
API request failed for idtrc jgJ1KWoMiP. HTTP Code: 302
API request failed for idtrc f81Sw1swr2. HTTP Code: 302
API request failed for idtrc JBP3OP6hzH. HTTP Code: 302
API request failed for idtrc Jua724umfn. HTTP Code: 302
API request failed for idtrc 7PayPTjcig. HTTP Code: 302
API request failed for idtrc 3jOaMG9W8Q. HTTP Code: 302
No status update for idtrc k40ZPzzEp8: current status = anonpaynew
No status update for idtrc eb8zykSE79: current status = anonpaynew
No status update for idtrc 8oF0UEm2uT: current status = anonpaynew
No status update for idtrc n3EdGSUHn2: current status = anonpaynew
No status update for idtrc LdyfKjbHJu: current status = anonpaynew
No status update for idtrc rs6qgbH2RM: current status = anonpaynew
No status update for idtrc jLrAq8RiVO: current status = anonpaynew
No status update for idtrc j3rQtGF41A: current status = expired
No status update for idtrc BuF6XTjF7D: current status = expired
No status update for idtrc 8wDBjut0VT: current status = expired
No status update for idtrc xh9yG3S7zg: current status = expired
No status update for idtrc 1S27pxUOh6: current status = expired
No status update for idtrc WMMmQTObPG: current status = expired
No status update for idtrc PwvartkN1G: current status = anonpaynew
No status update for idtrc 4CFecTNn5y: current status = anonpaynew
No status update for idtrc 5pk50JSRmZ: current status = anonpaynew
No status update for idtrc qu6wzohNUn: current status = anonpaynew
API request failed for idtrc tqKUhSyr12. HTTP Code: 302
API request failed for idtrc M03KyLEyCB. HTTP Code: 302
API request failed for idtrc Ugiufjo6S1. HTTP Code: 302
API request failed for idtrc ZVLdBwBYDb. HTTP Code: 302
API request failed for idtrc 20qmqkTZ16. HTTP Code: 302
API request failed for idtrc 1D3prCZwQ9. HTTP Code: 302
API request failed for idtrc 3N0xdnTgCq. HTTP Code: 302
API request failed for idtrc CJ4oLyeFef. HTTP Code: 302
API request failed for idtrc rVcxHR1phu. HTTP Code: 302
API request failed for idtrc zXcXVBQeNr. HTTP Code: 302
API request failed for idtrc GH7auOLq3X. HTTP Code: 302
API request failed for idtrc 1PJxpeazq2. HTTP Code: 302
API request failed for idtrc EAq2CDkfuf. HTTP Code: 302
API request failed for idtrc BfgwRkjFdp. HTTP Code: 302
API request failed for idtrc 9COMrGSjZV. HTTP Code: 302
API request failed for idtrc zKnV6afAVh. HTTP Code: 302
API request failed for idtrc AthcqQxBLt. HTTP Code: 302
API request failed for idtrc B1kGSJXd8U. HTTP Code: 302
API request failed for idtrc ShymnV3WSK. HTTP Code: 302
API request failed for idtrc 2YxdJAeo4M. HTTP Code: 302
API request failed for idtrc pADCu7v6Mg. HTTP Code: 302
API request failed for idtrc STdUCqYUui. HTTP Code: 302
API request failed for idtrc piD85jxyNc. HTTP Code: 302
API request failed for idtrc aMAxhnLktN. HTTP Code: 302
API request failed for idtrc bZ28juQYU1. HTTP Code: 302
API request failed for idtrc 2rbUvc14fM. HTTP Code: 302
API request failed for idtrc A9hMWv49Er. HTTP Code: 302
API request failed for idtrc AxcEFQ9u3B. HTTP Code: 302
API request failed for idtrc jteMaSBicS. HTTP Code: 302
API request failed for idtrc jgJ1KWoMiP. HTTP Code: 302
API request failed for idtrc f81Sw1swr2. HTTP Code: 302
API request failed for idtrc JBP3OP6hzH. HTTP Code: 302
API request failed for idtrc Jua724umfn. HTTP Code: 302
API request failed for idtrc 7PayPTjcig. HTTP Code: 302
API request failed for idtrc 3jOaMG9W8Q. HTTP Code: 302
No status update for idtrc k40ZPzzEp8: current status = anonpaynew
No status update for idtrc eb8zykSE79: current status = anonpaynew
No status update for idtrc 8oF0UEm2uT: current status = anonpaynew
No status update for idtrc n3EdGSUHn2: current status = anonpaynew
No status update for idtrc LdyfKjbHJu: current status = anonpaynew
No status update for idtrc rs6qgbH2RM: current status = anonpaynew
No status update for idtrc jLrAq8RiVO: current status = anonpaynew
No status update for idtrc j3rQtGF41A: current status = expired
No status update for idtrc BuF6XTjF7D: current status = expired
No status update for idtrc 8wDBjut0VT: current status = expired
No status update for idtrc xh9yG3S7zg: current status = expired
No status update for idtrc 1S27pxUOh6: current status = expired
No status update for idtrc WMMmQTObPG: current status = expired
No status update for idtrc PwvartkN1G: current status = anonpaynew
No status update for idtrc 4CFecTNn5y: current status = anonpaynew
No status update for idtrc 5pk50JSRmZ: current status = anonpaynew
No status update for idtrc qu6wzohNUn: current status = anonpaynew
API request failed for idtrc tqKUhSyr12. HTTP Code: 302
API request failed for idtrc M03KyLEyCB. HTTP Code: 302
API request failed for idtrc Ugiufjo6S1. HTTP Code: 302
API request failed for idtrc ZVLdBwBYDb. HTTP Code: 302
API request failed for idtrc 20qmqkTZ16. HTTP Code: 302
API request failed for idtrc 1D3prCZwQ9. HTTP Code: 302
API request failed for idtrc 3N0xdnTgCq. HTTP Code: 302
API request failed for idtrc CJ4oLyeFef. HTTP Code: 302
API request failed for idtrc rVcxHR1phu. HTTP Code: 302
API request failed for idtrc zXcXVBQeNr. HTTP Code: 302
API request failed for idtrc GH7auOLq3X. HTTP Code: 302
API request failed for idtrc 1PJxpeazq2. HTTP Code: 302
API request failed for idtrc EAq2CDkfuf. HTTP Code: 302
API request failed for idtrc BfgwRkjFdp. HTTP Code: 302
API request failed for idtrc 9COMrGSjZV. HTTP Code: 302
API request failed for idtrc zKnV6afAVh. HTTP Code: 302
API request failed for idtrc AthcqQxBLt. HTTP Code: 302
API request failed for idtrc B1kGSJXd8U. HTTP Code: 302
API request failed for idtrc ShymnV3WSK. HTTP Code: 302
API request failed for idtrc 2YxdJAeo4M. HTTP Code: 302
API request failed for idtrc pADCu7v6Mg. HTTP Code: 302
API request failed for idtrc STdUCqYUui. HTTP Code: 302
API request failed for idtrc piD85jxyNc. HTTP Code: 302
API request failed for idtrc aMAxhnLktN. HTTP Code: 302
API request failed for idtrc bZ28juQYU1. HTTP Code: 302
API request failed for idtrc 2rbUvc14fM. HTTP Code: 302
API request failed for idtrc A9hMWv49Er. HTTP Code: 302
API request failed for idtrc AxcEFQ9u3B. HTTP Code: 302
API request failed for idtrc jteMaSBicS. HTTP Code: 302
API request failed for idtrc jgJ1KWoMiP. HTTP Code: 302
API request failed for idtrc f81Sw1swr2. HTTP Code: 302
API request failed for idtrc JBP3OP6hzH. HTTP Code: 302
API request failed for idtrc Jua724umfn. HTTP Code: 302
API request failed for idtrc 7PayPTjcig. HTTP Code: 302
API request failed for idtrc 3jOaMG9W8Q. HTTP Code: 302
No status update for idtrc k40ZPzzEp8: current status = anonpaynew
No status update for idtrc eb8zykSE79: current status = anonpaynew
No status update for idtrc 8oF0UEm2uT: current status = anonpaynew
No status update for idtrc n3EdGSUHn2: current status = anonpaynew
No status update for idtrc LdyfKjbHJu: current status = anonpaynew
No status update for idtrc rs6qgbH2RM: current status = anonpaynew
No status update for idtrc jLrAq8RiVO: current status = anonpaynew
No status update for idtrc j3rQtGF41A: current status = expired
No status update for idtrc BuF6XTjF7D: current status = expired
No status update for idtrc 8wDBjut0VT: current status = expired
No status update for idtrc xh9yG3S7zg: current status = expired
No status update for idtrc 1S27pxUOh6: current status = expired
No status update for idtrc WMMmQTObPG: current status = expired
No status update for idtrc PwvartkN1G: current status = anonpaynew
No status update for idtrc 4CFecTNn5y: current status = anonpaynew
No status update for idtrc 5pk50JSRmZ: current status = anonpaynew
No status update for idtrc qu6wzohNUn: current status = anonpaynew
API request failed for idtrc tqKUhSyr12. HTTP Code: 302
API request failed for idtrc M03KyLEyCB. HTTP Code: 302
API request failed for idtrc Ugiufjo6S1. HTTP Code: 302
API request failed for idtrc ZVLdBwBYDb. HTTP Code: 302
API request failed for idtrc 20qmqkTZ16. HTTP Code: 302
API request failed for idtrc 1D3prCZwQ9. HTTP Code: 302
API request failed for idtrc 3N0xdnTgCq. HTTP Code: 302
API request failed for idtrc CJ4oLyeFef. HTTP Code: 302
API request failed for idtrc rVcxHR1phu. HTTP Code: 302
API request failed for idtrc zXcXVBQeNr. HTTP Code: 302
API request failed for idtrc GH7auOLq3X. HTTP Code: 302
API request failed for idtrc 1PJxpeazq2. HTTP Code: 302
API request failed for idtrc EAq2CDkfuf. HTTP Code: 302
API request failed for idtrc BfgwRkjFdp. HTTP Code: 302
API request failed for idtrc 9COMrGSjZV. HTTP Code: 302
API request failed for idtrc zKnV6afAVh. HTTP Code: 302
API request failed for idtrc AthcqQxBLt. HTTP Code: 302
API request failed for idtrc B1kGSJXd8U. HTTP Code: 302
API request failed for idtrc ShymnV3WSK. HTTP Code: 302
API request failed for idtrc 2YxdJAeo4M. HTTP Code: 302
API request failed for idtrc pADCu7v6Mg. HTTP Code: 302
API request failed for idtrc STdUCqYUui. HTTP Code: 302
API request failed for idtrc piD85jxyNc. HTTP Code: 302
API request failed for idtrc aMAxhnLktN. HTTP Code: 302
API request failed for idtrc bZ28juQYU1. HTTP Code: 302
API request failed for idtrc 2rbUvc14fM. HTTP Code: 302
API request failed for idtrc A9hMWv49Er. HTTP Code: 302
API request failed for idtrc AxcEFQ9u3B. HTTP Code: 302
API request failed for idtrc jteMaSBicS. HTTP Code: 302
API request failed for idtrc jgJ1KWoMiP. HTTP Code: 302
API request failed for idtrc f81Sw1swr2. HTTP Code: 302
API request failed for idtrc JBP3OP6hzH. HTTP Code: 302
API request failed for idtrc Jua724umfn. HTTP Code: 302
API request failed for idtrc 7PayPTjcig. HTTP Code: 302
API request failed for idtrc 3jOaMG9W8Q. HTTP Code: 302
No status update for idtrc k40ZPzzEp8: current status = anonpaynew
No status update for idtrc eb8zykSE79: current status = anonpaynew
No status update for idtrc 8oF0UEm2uT: current status = anonpaynew
No status update for idtrc n3EdGSUHn2: current status = anonpaynew
No status update for idtrc LdyfKjbHJu: current status = anonpaynew
No status update for idtrc rs6qgbH2RM: current status = anonpaynew
No status update for idtrc jLrAq8RiVO: current status = anonpaynew
No status update for idtrc j3rQtGF41A: current status = expired
No status update for idtrc BuF6XTjF7D: current status = expired
No status update for idtrc 8wDBjut0VT: current status = expired
No status update for idtrc xh9yG3S7zg: current status = expired
No status update for idtrc 1S27pxUOh6: current status = expired
No status update for idtrc WMMmQTObPG: current status = expired
No status update for idtrc PwvartkN1G: current status = anonpaynew
No status update for idtrc 4CFecTNn5y: current status = anonpaynew
No status update for idtrc 5pk50JSRmZ: current status = anonpaynew
No status update for idtrc qu6wzohNUn: current status = anonpaynew
